<?xml version="1.0" encoding="UTF-8"?>
<!-- Generated by org.testng.reporters.JUnitXMLReporter -->
<testsuite ignored="10" hostname="DESKTOP-AJNVIH5" failures="1" tests="1" name="Default test(failed)" time="29.237" errors="0" timestamp="2024-03-07T18:31:14 IST">
  <testcase classname="org.dooctiadmin.test.CRM_Test" name="VoiceBlastCampaign_Create" time="16.084">
    <failure type="org.openqa.selenium.NoSuchElementException" message="Unable to find element with locator By.xpath: (//i[@class=&amp;apos;v-icon material-icons theme--light error--text&amp;apos;])[1]
For documentation on this error, please visit: https://www.selenium.dev/documentation/webdriver/troubleshooting/errors#no-such-element-exception
Build info: version: &amp;apos;4.16.1&amp;apos;, revision: &amp;apos;9b4c83354e&amp;apos;
System info: os.name: &amp;apos;Windows 10&amp;apos;, os.arch: &amp;apos;amd64&amp;apos;, os.version: &amp;apos;10.0&amp;apos;, java.version: &amp;apos;17.0.8.1&amp;apos;
Driver info: driver.version: RemoteWebDriver">
      <![CDATA[org.openqa.selenium.NoSuchElementException: Unable to find element with locator By.xpath: (//i[@class='v-icon material-icons theme--light error--text'])[1]
For documentation on this error, please visit: https://www.selenium.dev/documentation/webdriver/troubleshooting/errors#no-such-element-exception
Build info: version: '4.16.1', revision: '9b4c83354e'
System info: os.name: 'Windows 10', os.arch: 'amd64', os.version: '10.0', java.version: '17.0.8.1'
Driver info: driver.version: RemoteWebDriver
at org.openqa.selenium.remote.ElementLocation$ElementFinder$2.findElement(ElementLocation.java:168)
at org.openqa.selenium.remote.ElementLocation.findElement(ElementLocation.java:59)
at org.openqa.selenium.remote.RemoteWebDriver.findElement(RemoteWebDriver.java:360)
at org.openqa.selenium.remote.RemoteWebDriver.findElement(RemoteWebDriver.java:354)
at org.dooctiadmin.page.CRMPage.channel(CRMPage.java:225)
at org.dooctiadmin.test.CRM_Test.VoiceBlastCampaign_Create(CRM_Test.java:102)
at java.base/java.util.ArrayList.forEach(ArrayList.java:1511)
... Removed 27 stack frames]]>
    </failure>
  </testcase> <!-- VoiceBlastCampaign_Create -->
  <testcase classname="org.dooctiadmin.test.CRM_Test" name="PreviewCampaign_Create" time="0.0">
    <ignored/>
  </testcase> <!-- PreviewCampaign_Create -->
  <testcase classname="org.dooctiadmin.test.CRM_Test" name="Contact_Create" time="0.0">
    <ignored/>
  </testcase> <!-- Contact_Create -->
  <testcase classname="org.dooctiadmin.test.CRM_Test" name="InboundCampaign_Create" time="0.0">
    <ignored/>
  </testcase> <!-- InboundCampaign_Create -->
  <testcase classname="org.dooctiadmin.test.CRM_Test" name="PowerCampaign_Create" time="0.0">
    <ignored/>
  </testcase> <!-- PowerCampaign_Create -->
  <testcase classname="org.dooctiadmin.test.CRM_Test" name="Lead_Create" time="0.0">
    <ignored/>
  </testcase> <!-- Lead_Create -->
  <testcase classname="org.dooctiadmin.test.CRM_Test" name="PredictiveCampaign_Create" time="0.0">
    <ignored/>
  </testcase> <!-- PredictiveCampaign_Create -->
  <testcase classname="org.dooctiadmin.test.CRM_Test" name="WhatsappBlastCampaign_Create" time="0.0">
    <ignored/>
  </testcase> <!-- WhatsappBlastCampaign_Create -->
  <testcase classname="org.dooctiadmin.test.CRM_Test" name="Ticket_Create" time="0.0">
    <ignored/>
  </testcase> <!-- Ticket_Create -->
  <testcase classname="org.dooctiadmin.test.CRM_Test" name="List_Create" time="0.0">
    <ignored/>
  </testcase> <!-- List_Create -->
  <testcase classname="org.dooctiadmin.test.CRM_Test" name="Meeting_Create" time="0.0">
    <ignored/>
  </testcase> <!-- Meeting_Create -->
</testsuite> <!-- Default test(failed) -->
