<?xml version="1.0" encoding="UTF-8"?>
<!-- Generated by org.testng.reporters.JUnitXMLReporter -->
<testsuite ignored="6" hostname="DESKTOP-AJNVIH5" failures="1" tests="5" name="Login" time="116.694" errors="0" timestamp="2024-03-07T18:08:01 IST">
  <testcase classname="org.dooctiadmin.test.CRM_Test" name="PreviewCampaign_Create" time="13.595"/>
  <testcase classname="org.dooctiadmin.test.CRM_Test" name="PredictiveCampaign_Create" time="17.516"/>
  <testcase classname="org.dooctiadmin.test.CRM_Test" name="InboundCampaign_Create" time="14.325"/>
  <testcase classname="org.dooctiadmin.test.CRM_Test" name="PowerCampaign_Create" time="15.854"/>
  <testcase classname="org.dooctiadmin.test.CRM_Test" name="VoiceBlastCampaign_Create" time="41.533">
    <failure type="org.openqa.selenium.NoSuchElementException" message="no such element: Unable to locate element: {&amp;quot;method&amp;quot;:&amp;quot;xpath&amp;quot;,&amp;quot;selector&amp;quot;:&amp;quot;(//label[text()=&amp;apos;Channels&amp;apos;]/following-sibling::div)[3]&amp;quot;}
  (Session info: chrome=122.0.6261.95)
For documentation on this error, please visit: https://www.selenium.dev/documentation/webdriver/troubleshooting/errors#no-such-element-exception
Build info: version: &amp;apos;4.16.1&amp;apos;, revision: &amp;apos;9b4c83354e&amp;apos;
System info: os.name: &amp;apos;Windows 10&amp;apos;, os.arch: &amp;apos;amd64&amp;apos;, os.version: &amp;apos;10.0&amp;apos;, java.version: &amp;apos;17.0.8.1&amp;apos;
Driver info: org.openqa.selenium.chrome.ChromeDriver
Command: [ce44236a21e8afc7fc70b21144c454a4, findElement {using=xpath, value=(//label[text()=&amp;apos;Channels&amp;apos;]/following-sibling::div)[3]}]
Capabilities {acceptInsecureCerts: false, browserName: chrome, browserVersion: 122.0.6261.95, chrome: {chromedriverVersion: 122.0.6261.94 (880dbf29479c..., userDataDir: C:\Users\User\AppData\Local...}, fedcm:accounts: true, goog:chromeOptions: {debuggerAddress: localhost:57417}, networkConnectionEnabled: false, pageLoadStrategy: normal, platformName: windows, proxy: Proxy(), se:cdp: ws://localhost:57417/devtoo..., se:cdpVersion: 122.0.6261.95, setWindowRect: true, strictFileInteractability: false, timeouts: {implicit: 0, pageLoad: 300000, script: 30000}, unhandledPromptBehavior: dismiss and notify, webauthn:extension:credBlob: true, webauthn:extension:largeBlob: true, webauthn:extension:minPinLength: true, webauthn:extension:prf: true, webauthn:virtualAuthenticators: true}
Session ID: ce44236a21e8afc7fc70b21144c454a4">
      <![CDATA[org.openqa.selenium.NoSuchElementException: no such element: Unable to locate element: {"method":"xpath","selector":"(//label[text()='Channels']/following-sibling::div)[3]"}
  (Session info: chrome=122.0.6261.95)
For documentation on this error, please visit: https://www.selenium.dev/documentation/webdriver/troubleshooting/errors#no-such-element-exception
Build info: version: '4.16.1', revision: '9b4c83354e'
System info: os.name: 'Windows 10', os.arch: 'amd64', os.version: '10.0', java.version: '17.0.8.1'
Driver info: org.openqa.selenium.chrome.ChromeDriver
Command: [ce44236a21e8afc7fc70b21144c454a4, findElement {using=xpath, value=(//label[text()='Channels']/following-sibling::div)[3]}]
Capabilities {acceptInsecureCerts: false, browserName: chrome, browserVersion: 122.0.6261.95, chrome: {chromedriverVersion: 122.0.6261.94 (880dbf29479c..., userDataDir: C:\Users\User\AppData\Local...}, fedcm:accounts: true, goog:chromeOptions: {debuggerAddress: localhost:57417}, networkConnectionEnabled: false, pageLoadStrategy: normal, platformName: windows, proxy: Proxy(), se:cdp: ws://localhost:57417/devtoo..., se:cdpVersion: 122.0.6261.95, setWindowRect: true, strictFileInteractability: false, timeouts: {implicit: 0, pageLoad: 300000, script: 30000}, unhandledPromptBehavior: dismiss and notify, webauthn:extension:credBlob: true, webauthn:extension:largeBlob: true, webauthn:extension:minPinLength: true, webauthn:extension:prf: true, webauthn:virtualAuthenticators: true}
Session ID: ce44236a21e8afc7fc70b21144c454a4
at org.openqa.selenium.remote.codec.w3c.W3CHttpResponseCodec.createException(W3CHttpResponseCodec.java:200)
at org.openqa.selenium.remote.codec.w3c.W3CHttpResponseCodec.decode(W3CHttpResponseCodec.java:133)
at org.openqa.selenium.remote.codec.w3c.W3CHttpResponseCodec.decode(W3CHttpResponseCodec.java:52)
at org.openqa.selenium.remote.HttpCommandExecutor.execute(HttpCommandExecutor.java:191)
at org.openqa.selenium.remote.service.DriverCommandExecutor.invokeExecute(DriverCommandExecutor.java:200)
at org.openqa.selenium.remote.service.DriverCommandExecutor.execute(DriverCommandExecutor.java:175)
at org.openqa.selenium.remote.RemoteWebDriver.execute(RemoteWebDriver.java:523)
at org.openqa.selenium.remote.ElementLocation$ElementFinder$2.findElement(ElementLocation.java:165)
at org.openqa.selenium.remote.ElementLocation.findElement(ElementLocation.java:59)
at org.openqa.selenium.remote.RemoteWebDriver.findElement(RemoteWebDriver.java:360)
at org.openqa.selenium.remote.RemoteWebDriver.findElement(RemoteWebDriver.java:354)
at org.dooctiadmin.page.CRMPage.channel(CRMPage.java:490)
at org.dooctiadmin.test.CRM_Test.VoiceBlastCampaign_Create(CRM_Test.java:101)
at java.base/java.util.ArrayList.forEach(ArrayList.java:1511)
... Removed 32 stack frames]]>
    </failure>
  </testcase> <!-- VoiceBlastCampaign_Create -->
  <testcase classname="org.dooctiadmin.test.CRM_Test" name="Contact_Create" time="0.0">
    <ignored/>
  </testcase> <!-- Contact_Create -->
  <testcase classname="org.dooctiadmin.test.CRM_Test" name="Lead_Create" time="0.0">
    <ignored/>
  </testcase> <!-- Lead_Create -->
  <testcase classname="org.dooctiadmin.test.CRM_Test" name="WhatsappBlastCampaign_Create" time="0.0">
    <ignored/>
  </testcase> <!-- WhatsappBlastCampaign_Create -->
  <testcase classname="org.dooctiadmin.test.CRM_Test" name="Ticket_Create" time="0.0">
    <ignored/>
  </testcase> <!-- Ticket_Create -->
  <testcase classname="org.dooctiadmin.test.CRM_Test" name="List_Create" time="0.0">
    <ignored/>
  </testcase> <!-- List_Create -->
  <testcase classname="org.dooctiadmin.test.CRM_Test" name="Meeting_Create" time="0.0">
    <ignored/>
  </testcase> <!-- Meeting_Create -->
</testsuite> <!-- Login -->
