<?xml version="1.0" encoding="UTF-8"?>
<!-- Generated by org.testng.reporters.JUnitXMLReporter -->
<testsuite ignored="10" hostname="DESKTOP-AJNVIH5" failures="1" tests="1" name="Default test(failed)(failed)" time="58.052" errors="0" timestamp="2024-03-07T18:32:28 IST">
  <testcase classname="org.dooctiadmin.test.CRM_Test" name="VoiceBlastCampaign_Create" time="44.397">
    <failure type="org.openqa.selenium.NoSuchElementException" message="no such element: Unable to locate element: {&amp;quot;method&amp;quot;:&amp;quot;xpath&amp;quot;,&amp;quot;selector&amp;quot;:&amp;quot;(//i[@class=&amp;apos;v-icon material-icons theme--light error--text&amp;apos;])[1]&amp;quot;}
  (Session info: chrome=122.0.6261.95)
For documentation on this error, please visit: https://www.selenium.dev/documentation/webdriver/troubleshooting/errors#no-such-element-exception
Build info: version: &amp;apos;4.16.1&amp;apos;, revision: &amp;apos;9b4c83354e&amp;apos;
System info: os.name: &amp;apos;Windows 10&amp;apos;, os.arch: &amp;apos;amd64&amp;apos;, os.version: &amp;apos;10.0&amp;apos;, java.version: &amp;apos;17.0.8.1&amp;apos;
Driver info: org.openqa.selenium.chrome.ChromeDriver
Command: [669bb6c1afc18bd038d6a4af30b5fe79, findElement {using=xpath, value=(//i[@class=&amp;apos;v-icon material-icons theme--light error--text&amp;apos;])[1]}]
Capabilities {acceptInsecureCerts: false, browserName: chrome, browserVersion: 122.0.6261.95, chrome: {chromedriverVersion: 122.0.6261.94 (880dbf29479c..., userDataDir: C:\Users\User\AppData\Local...}, fedcm:accounts: true, goog:chromeOptions: {debuggerAddress: localhost:58574}, networkConnectionEnabled: false, pageLoadStrategy: normal, platformName: windows, proxy: Proxy(), se:cdp: ws://localhost:58574/devtoo..., se:cdpVersion: 122.0.6261.95, setWindowRect: true, strictFileInteractability: false, timeouts: {implicit: 0, pageLoad: 300000, script: 30000}, unhandledPromptBehavior: dismiss and notify, webauthn:extension:credBlob: true, webauthn:extension:largeBlob: true, webauthn:extension:minPinLength: true, webauthn:extension:prf: true, webauthn:virtualAuthenticators: true}
Session ID: 669bb6c1afc18bd038d6a4af30b5fe79">
      <![CDATA[org.openqa.selenium.NoSuchElementException: no such element: Unable to locate element: {"method":"xpath","selector":"(//i[@class='v-icon material-icons theme--light error--text'])[1]"}
  (Session info: chrome=122.0.6261.95)
For documentation on this error, please visit: https://www.selenium.dev/documentation/webdriver/troubleshooting/errors#no-such-element-exception
Build info: version: '4.16.1', revision: '9b4c83354e'
System info: os.name: 'Windows 10', os.arch: 'amd64', os.version: '10.0', java.version: '17.0.8.1'
Driver info: org.openqa.selenium.chrome.ChromeDriver
Command: [669bb6c1afc18bd038d6a4af30b5fe79, findElement {using=xpath, value=(//i[@class='v-icon material-icons theme--light error--text'])[1]}]
Capabilities {acceptInsecureCerts: false, browserName: chrome, browserVersion: 122.0.6261.95, chrome: {chromedriverVersion: 122.0.6261.94 (880dbf29479c..., userDataDir: C:\Users\User\AppData\Local...}, fedcm:accounts: true, goog:chromeOptions: {debuggerAddress: localhost:58574}, networkConnectionEnabled: false, pageLoadStrategy: normal, platformName: windows, proxy: Proxy(), se:cdp: ws://localhost:58574/devtoo..., se:cdpVersion: 122.0.6261.95, setWindowRect: true, strictFileInteractability: false, timeouts: {implicit: 0, pageLoad: 300000, script: 30000}, unhandledPromptBehavior: dismiss and notify, webauthn:extension:credBlob: true, webauthn:extension:largeBlob: true, webauthn:extension:minPinLength: true, webauthn:extension:prf: true, webauthn:virtualAuthenticators: true}
Session ID: 669bb6c1afc18bd038d6a4af30b5fe79
at org.openqa.selenium.remote.codec.w3c.W3CHttpResponseCodec.createException(W3CHttpResponseCodec.java:200)
at org.openqa.selenium.remote.codec.w3c.W3CHttpResponseCodec.decode(W3CHttpResponseCodec.java:133)
at org.openqa.selenium.remote.codec.w3c.W3CHttpResponseCodec.decode(W3CHttpResponseCodec.java:52)
at org.openqa.selenium.remote.HttpCommandExecutor.execute(HttpCommandExecutor.java:191)
at org.openqa.selenium.remote.service.DriverCommandExecutor.invokeExecute(DriverCommandExecutor.java:200)
at org.openqa.selenium.remote.service.DriverCommandExecutor.execute(DriverCommandExecutor.java:175)
at org.openqa.selenium.remote.RemoteWebDriver.execute(RemoteWebDriver.java:523)
at org.openqa.selenium.remote.ElementLocation$ElementFinder$2.findElement(ElementLocation.java:165)
at org.openqa.selenium.remote.ElementLocation.findElement(ElementLocation.java:59)
at org.openqa.selenium.remote.RemoteWebDriver.findElement(RemoteWebDriver.java:360)
at org.openqa.selenium.remote.RemoteWebDriver.findElement(RemoteWebDriver.java:354)
at org.dooctiadmin.page.CRMPage.channel(CRMPage.java:225)
at org.dooctiadmin.test.CRM_Test.VoiceBlastCampaign_Create(CRM_Test.java:102)
at java.base/java.util.ArrayList.forEach(ArrayList.java:1511)
... Removed 32 stack frames]]>
    </failure>
  </testcase> <!-- VoiceBlastCampaign_Create -->
  <testcase classname="org.dooctiadmin.test.CRM_Test" name="PreviewCampaign_Create" time="0.0">
    <ignored/>
  </testcase> <!-- PreviewCampaign_Create -->
  <testcase classname="org.dooctiadmin.test.CRM_Test" name="Contact_Create" time="0.0">
    <ignored/>
  </testcase> <!-- Contact_Create -->
  <testcase classname="org.dooctiadmin.test.CRM_Test" name="InboundCampaign_Create" time="0.0">
    <ignored/>
  </testcase> <!-- InboundCampaign_Create -->
  <testcase classname="org.dooctiadmin.test.CRM_Test" name="PowerCampaign_Create" time="0.0">
    <ignored/>
  </testcase> <!-- PowerCampaign_Create -->
  <testcase classname="org.dooctiadmin.test.CRM_Test" name="Lead_Create" time="0.0">
    <ignored/>
  </testcase> <!-- Lead_Create -->
  <testcase classname="org.dooctiadmin.test.CRM_Test" name="PredictiveCampaign_Create" time="0.0">
    <ignored/>
  </testcase> <!-- PredictiveCampaign_Create -->
  <testcase classname="org.dooctiadmin.test.CRM_Test" name="WhatsappBlastCampaign_Create" time="0.0">
    <ignored/>
  </testcase> <!-- WhatsappBlastCampaign_Create -->
  <testcase classname="org.dooctiadmin.test.CRM_Test" name="Ticket_Create" time="0.0">
    <ignored/>
  </testcase> <!-- Ticket_Create -->
  <testcase classname="org.dooctiadmin.test.CRM_Test" name="List_Create" time="0.0">
    <ignored/>
  </testcase> <!-- List_Create -->
  <testcase classname="org.dooctiadmin.test.CRM_Test" name="Meeting_Create" time="0.0">
    <ignored/>
  </testcase> <!-- Meeting_Create -->
</testsuite> <!-- Default test(failed)(failed) -->
