<?xml version="1.0" encoding="UTF-8"?>
<!-- Generated by org.testng.reporters.JUnitXMLReporter -->
<testsuite ignored="14" hostname="DESKTOP-AJNVIH5" failures="1" tests="1" name="Users and Groups Testing(failed)" time="18.525" errors="0" timestamp="2024-03-07T11:33:54 IST">
  <testcase classname="org.dooctiadmin.test.UsersGroups_Test" name="UserGroup_Delete" time="3.85">
    <failure type="org.openqa.selenium.WebDriverException" message="disconnected: received Inspector.detached event
  (failed to check if window was closed: disconnected: unable to send message to renderer)
  (Session info: chrome=122.0.6261.95)
Build info: version: &amp;apos;4.16.1&amp;apos;, revision: &amp;apos;9b4c83354e&amp;apos;
System info: os.name: &amp;apos;Windows 10&amp;apos;, os.arch: &amp;apos;amd64&amp;apos;, os.version: &amp;apos;10.0&amp;apos;, java.version: &amp;apos;17.0.8.1&amp;apos;
Driver info: org.openqa.selenium.chrome.ChromeDriver
Command: [b8d8075dd4d67a2b9363eadc08230272, findElement {using=xpath, value=//div[text()=&amp;apos;Testing&amp;apos;]}]
Capabilities {acceptInsecureCerts: false, browserName: chrome, browserVersion: 122.0.6261.95, chrome: {chromedriverVersion: 122.0.6261.94 (880dbf29479c..., userDataDir: C:\Users\User\AppData\Local...}, fedcm:accounts: true, goog:chromeOptions: {debuggerAddress: localhost:59216}, networkConnectionEnabled: false, pageLoadStrategy: normal, platformName: windows, proxy: Proxy(), se:cdp: ws://localhost:59216/devtoo..., se:cdpVersion: 122.0.6261.95, setWindowRect: true, strictFileInteractability: false, timeouts: {implicit: 0, pageLoad: 300000, script: 30000}, unhandledPromptBehavior: dismiss and notify, webauthn:extension:credBlob: true, webauthn:extension:largeBlob: true, webauthn:extension:minPinLength: true, webauthn:extension:prf: true, webauthn:virtualAuthenticators: true}
Session ID: b8d8075dd4d67a2b9363eadc08230272">
      <![CDATA[org.openqa.selenium.WebDriverException: disconnected: received Inspector.detached event
  (failed to check if window was closed: disconnected: unable to send message to renderer)
  (Session info: chrome=122.0.6261.95)
Build info: version: '4.16.1', revision: '9b4c83354e'
System info: os.name: 'Windows 10', os.arch: 'amd64', os.version: '10.0', java.version: '17.0.8.1'
Driver info: org.openqa.selenium.chrome.ChromeDriver
Command: [b8d8075dd4d67a2b9363eadc08230272, findElement {using=xpath, value=//div[text()='Testing']}]
Capabilities {acceptInsecureCerts: false, browserName: chrome, browserVersion: 122.0.6261.95, chrome: {chromedriverVersion: 122.0.6261.94 (880dbf29479c..., userDataDir: C:\Users\User\AppData\Local...}, fedcm:accounts: true, goog:chromeOptions: {debuggerAddress: localhost:59216}, networkConnectionEnabled: false, pageLoadStrategy: normal, platformName: windows, proxy: Proxy(), se:cdp: ws://localhost:59216/devtoo..., se:cdpVersion: 122.0.6261.95, setWindowRect: true, strictFileInteractability: false, timeouts: {implicit: 0, pageLoad: 300000, script: 30000}, unhandledPromptBehavior: dismiss and notify, webauthn:extension:credBlob: true, webauthn:extension:largeBlob: true, webauthn:extension:minPinLength: true, webauthn:extension:prf: true, webauthn:virtualAuthenticators: true}
Session ID: b8d8075dd4d67a2b9363eadc08230272
at org.openqa.selenium.remote.codec.w3c.W3CHttpResponseCodec.createException(W3CHttpResponseCodec.java:200)
at org.openqa.selenium.remote.codec.w3c.W3CHttpResponseCodec.decode(W3CHttpResponseCodec.java:133)
at org.openqa.selenium.remote.codec.w3c.W3CHttpResponseCodec.decode(W3CHttpResponseCodec.java:52)
at org.openqa.selenium.remote.HttpCommandExecutor.execute(HttpCommandExecutor.java:191)
at org.openqa.selenium.remote.service.DriverCommandExecutor.invokeExecute(DriverCommandExecutor.java:200)
at org.openqa.selenium.remote.service.DriverCommandExecutor.execute(DriverCommandExecutor.java:175)
at org.openqa.selenium.remote.RemoteWebDriver.execute(RemoteWebDriver.java:523)
at org.openqa.selenium.remote.ElementLocation$ElementFinder$2.findElement(ElementLocation.java:165)
at org.openqa.selenium.remote.ElementLocation.findElement(ElementLocation.java:59)
at org.openqa.selenium.remote.RemoteWebDriver.findElement(RemoteWebDriver.java:360)
at org.openqa.selenium.remote.RemoteWebDriver.findElement(RemoteWebDriver.java:354)
at org.openqa.selenium.support.ui.ExpectedConditions$7.apply(ExpectedConditions.java:194)
at org.openqa.selenium.support.ui.ExpectedConditions$7.apply(ExpectedConditions.java:190)
at org.openqa.selenium.support.ui.FluentWait.until(FluentWait.java:204)
at org.dooctiadmin.page.UsersGroupsPage.usergroupDelete(UsersGroupsPage.java:484)
at org.dooctiadmin.test.UsersGroups_Test.UserGroup_Delete(UsersGroups_Test.java:150)
at java.base/java.util.ArrayList.forEach(ArrayList.java:1511)
... Removed 32 stack frames]]>
    </failure>
  </testcase> <!-- UserGroup_Delete -->
  <testcase classname="org.dooctiadmin.test.UsersGroups_Test" name="Source_Delete" time="0.0">
    <ignored/>
  </testcase> <!-- Source_Delete -->
  <testcase classname="org.dooctiadmin.test.UsersGroups_Test" name="Channel_Creation" time="0.0">
    <ignored/>
  </testcase> <!-- Channel_Creation -->
  <testcase classname="org.dooctiadmin.test.UsersGroups_Test" name="UserGroup_Updation" time="0.0">
    <ignored/>
  </testcase> <!-- UserGroup_Updation -->
  <testcase classname="org.dooctiadmin.test.UsersGroups_Test" name="User_Creation" time="0.0">
    <ignored/>
  </testcase> <!-- User_Creation -->
  <testcase classname="org.dooctiadmin.test.UsersGroups_Test" name="Team_Update" time="0.0">
    <ignored/>
  </testcase> <!-- Team_Update -->
  <testcase classname="org.dooctiadmin.test.UsersGroups_Test" name="UserGroup_Creation" time="0.0">
    <ignored/>
  </testcase> <!-- UserGroup_Creation -->
  <testcase classname="org.dooctiadmin.test.UsersGroups_Test" name="Team_Creation" time="0.0">
    <ignored/>
  </testcase> <!-- Team_Creation -->
  <testcase classname="org.dooctiadmin.test.UsersGroups_Test" name="Team_Delete" time="0.0">
    <ignored/>
  </testcase> <!-- Team_Delete -->
  <testcase classname="org.dooctiadmin.test.UsersGroups_Test" name="Channel_Delete" time="0.0">
    <ignored/>
  </testcase> <!-- Channel_Delete -->
  <testcase classname="org.dooctiadmin.test.UsersGroups_Test" name="Channel_Update" time="0.0">
    <ignored/>
  </testcase> <!-- Channel_Update -->
  <testcase classname="org.dooctiadmin.test.UsersGroups_Test" name="Source_Update" time="0.0">
    <ignored/>
  </testcase> <!-- Source_Update -->
  <testcase classname="org.dooctiadmin.test.UsersGroups_Test" name="User_Delete" time="0.0">
    <ignored/>
  </testcase> <!-- User_Delete -->
  <testcase classname="org.dooctiadmin.test.UsersGroups_Test" name="User_Update" time="0.0">
    <ignored/>
  </testcase> <!-- User_Update -->
  <testcase classname="org.dooctiadmin.test.UsersGroups_Test" name="Source_Creation" time="0.0">
    <ignored/>
  </testcase> <!-- Source_Creation -->
</testsuite> <!-- Users and Groups Testing(failed) -->
